<?xml version="1.0" encoding="UTF-8"?>
<testng-results skipped="0" failed="0" total="1" passed="1">
  <reporter-output>
  </reporter-output>
  <suite name="Suite" duration-ms="15041" started-at="2016-09-25T18:47:39Z" finished-at="2016-09-25T18:47:54Z">
    <groups>
    </groups>
    <test name="Test" duration-ms="15041" started-at="2016-09-25T18:47:39Z" finished-at="2016-09-25T18:47:54Z">
      <class name="testScripts.OpenGoogle">
        <test-method status="PASS" signature="f()[pri:0, instance:testScripts.OpenGoogle@46f5f779]" name="f" duration-ms="15008" started-at="2016-09-25T19:47:39Z" finished-at="2016-09-25T19:47:54Z">
          <reporter-output>
          </reporter-output>
        </test-method> <!-- f -->
      </class> <!-- testScripts.OpenGoogle -->
    </test> <!-- Test -->
  </suite> <!-- Suite -->
</testng-results>
